<?xml version="1.0" encoding="UTF-8"?>
<!-- Generated by org.testng.reporters.JUnitReportReporter -->
<testsuite hostname="infenix-PC" failures="0" tests="11" name="almosafer.almosaferTestCases" time="25.442" errors="0" timestamp="2024-06-26T12:30:58 EET" skipped="6">
  <testcase classname="almosafer.almosaferTestCases" name="checkChangeTheLanguageTheWebSiteRandomly" time="0.816"/>
  <system-out/>
  <testcase classname="almosafer.almosaferTestCases" name="checkChangeTheSwitchHotelTapRandomly" time="0.274"/>
  <system-out/>
  <testcase classname="almosafer.almosaferTestCases" name="checkChangeRandomlyForPerson" time="4.062"/>
  <system-out/>
  <testcase classname="almosafer.almosaferTestCases" name="checkWaitToFullyParAPI" time="16.995"/>
  <system-out/>
  <testcase classname="almosafer.almosaferTestCases" name="checkSortLowstPrices" time="3.295"/>
  <system-out/>
  <testcase classname="almosafer.almosaferTestCases" name="checkFlightDeparturAndReturn">
    <skipped/>
  </testcase> <!-- checkFlightDeparturAndReturn -->
  <system-out/>
  <testcase classname="almosafer.almosaferTestCases" name="checkFromNotChoesesHotelTap">
    <skipped/>
  </testcase> <!-- checkFromNotChoesesHotelTap -->
  <system-out/>
  <testcase classname="almosafer.almosaferTestCases" name="verificationCurrencyDefault">
    <skipped/>
  </testcase> <!-- verificationCurrencyDefault -->
  <system-out/>
  <testcase classname="almosafer.almosaferTestCases" name="verificationContactNumber">
    <skipped/>
  </testcase> <!-- verificationContactNumber -->
  <system-out/>
  <testcase classname="almosafer.almosaferTestCases" name="verificationLanguageDefault">
    <skipped/>
  </testcase> <!-- verificationLanguageDefault -->
  <system-out/>
  <testcase classname="almosafer.almosaferTestCases" name="checkLogoQetafIsDeispled">
    <skipped/>
  </testcase> <!-- checkLogoQetafIsDeispled -->
  <system-out/>
</testsuite> <!-- almosafer.almosaferTestCases -->
